<?xml version="1.0" encoding="UTF-8"?>
<!-- Generated by org.testng.reporters.JUnitXMLReporter -->
<testsuite ignored="0" hostname="Pradeepkulal-PC" failures="0" tests="105" name="Default test" time="1740.866" errors="0" timestamp="2024-07-19T11:17:11 IST">
  <testcase classname="org.intuitiveapps.Kycee.Tests.GurujiTest" name="createExpensesTest" time="7.031"/>
  <testcase classname="org.intuitiveapps.Kycee.Tests.GurujiTest" name="createExpensesTest" time="8.459"/>
  <testcase classname="org.intuitiveapps.Kycee.Tests.GurujiTest" name="createExpensesTest" time="7.029"/>
  <testcase classname="org.intuitiveapps.Kycee.Tests.GurujiTest" name="createExpensesTest" time="6.979"/>
  <testcase classname="org.intuitiveapps.Kycee.Tests.GurujiTest" name="createExpensesTest" time="7.091"/>
  <testcase classname="org.intuitiveapps.Kycee.Tests.GurujiTest" name="createExpensesTest" time="6.958"/>
  <testcase classname="org.intuitiveapps.Kycee.Tests.GurujiTest" name="createExpensesTest" time="6.905"/>
  <testcase classname="org.intuitiveapps.Kycee.Tests.GurujiTest" name="createExpensesTest" time="7.563"/>
  <testcase classname="org.intuitiveapps.Kycee.Tests.GurujiTest" name="createExpensesTest" time="8.146"/>
  <testcase classname="org.intuitiveapps.Kycee.Tests.GurujiTest" name="createExpensesTest" time="7.201"/>
  <testcase classname="org.intuitiveapps.Kycee.Tests.GurujiTest" name="createExpensesTest" time="7.026"/>
  <testcase classname="org.intuitiveapps.Kycee.Tests.GurujiTest" name="createExpensesTest" time="8.683"/>
  <testcase classname="org.intuitiveapps.Kycee.Tests.GurujiTest" name="createExpensesTest" time="7.417"/>
  <testcase classname="org.intuitiveapps.Kycee.Tests.GurujiTest" name="createExpensesTest" time="6.752"/>
  <testcase classname="org.intuitiveapps.Kycee.Tests.GurujiTest" name="createExpensesTest" time="6.893"/>
  <testcase classname="org.intuitiveapps.Kycee.Tests.GurujiTest" name="createExpensesTest" time="6.85"/>
  <testcase classname="org.intuitiveapps.Kycee.Tests.GurujiTest" name="createExpensesTest" time="7.382"/>
  <testcase classname="org.intuitiveapps.Kycee.Tests.GurujiTest" name="createExpensesTest" time="8.118"/>
  <testcase classname="org.intuitiveapps.Kycee.Tests.GurujiTest" name="createExpensesTest" time="7.074"/>
  <testcase classname="org.intuitiveapps.Kycee.Tests.GurujiTest" name="createExpensesTest" time="6.862"/>
  <testcase classname="org.intuitiveapps.Kycee.Tests.GurujiTest" name="createExpensesTest" time="7.315"/>
  <testcase classname="org.intuitiveapps.Kycee.Tests.GurujiTest" name="createExpensesTest" time="8.117"/>
  <testcase classname="org.intuitiveapps.Kycee.Tests.GurujiTest" name="createExpensesTest" time="6.639"/>
  <testcase classname="org.intuitiveapps.Kycee.Tests.GurujiTest" name="createExpensesTest" time="7.228"/>
  <testcase classname="org.intuitiveapps.Kycee.Tests.GurujiTest" name="createExpensesTest" time="6.77"/>
  <testcase classname="org.intuitiveapps.Kycee.Tests.GurujiTest" name="createExpensesTest" time="7.178"/>
  <testcase classname="org.intuitiveapps.Kycee.Tests.GurujiTest" name="createExpensesTest" time="6.826"/>
  <testcase classname="org.intuitiveapps.Kycee.Tests.GurujiTest" name="createExpensesTest" time="7.299"/>
  <testcase classname="org.intuitiveapps.Kycee.Tests.GurujiTest" name="createExpensesTest" time="9.127"/>
  <testcase classname="org.intuitiveapps.Kycee.Tests.GurujiTest" name="createExpensesTest" time="6.977"/>
  <testcase classname="org.intuitiveapps.Kycee.Tests.GurujiTest" name="createExpensesTest" time="34.844"/>
  <testcase classname="org.intuitiveapps.Kycee.Tests.GurujiTest" name="createExpensesTest" time="20.972"/>
  <testcase classname="org.intuitiveapps.Kycee.Tests.GurujiTest" name="createExpensesTest" time="10.577"/>
  <testcase classname="org.intuitiveapps.Kycee.Tests.GurujiTest" name="createExpensesTest" time="14.163"/>
  <testcase classname="org.intuitiveapps.Kycee.Tests.GurujiTest" name="createExpensesTest" time="10.114"/>
  <testcase classname="org.intuitiveapps.Kycee.Tests.GurujiTest" name="createExpensesTest" time="10.487"/>
  <testcase classname="org.intuitiveapps.Kycee.Tests.GurujiTest" name="createExpensesTest" time="11.018"/>
  <testcase classname="org.intuitiveapps.Kycee.Tests.GurujiTest" name="createExpensesTest" time="18.513"/>
  <testcase classname="org.intuitiveapps.Kycee.Tests.GurujiTest" name="createExpensesTest" time="10.086"/>
  <testcase classname="org.intuitiveapps.Kycee.Tests.GurujiTest" name="createExpensesTest" time="10.483"/>
  <testcase classname="org.intuitiveapps.Kycee.Tests.GurujiTest" name="createExpensesTest" time="12.724"/>
  <testcase classname="org.intuitiveapps.Kycee.Tests.GurujiTest" name="createExpensesTest" time="7.351"/>
  <testcase classname="org.intuitiveapps.Kycee.Tests.GurujiTest" name="createExpensesTest" time="6.866"/>
  <testcase classname="org.intuitiveapps.Kycee.Tests.GurujiTest" name="createExpensesTest" time="6.727"/>
  <testcase classname="org.intuitiveapps.Kycee.Tests.GurujiTest" name="createExpensesTest" time="7.025"/>
  <testcase classname="org.intuitiveapps.Kycee.Tests.GurujiTest" name="createExpensesTest" time="6.859"/>
  <testcase classname="org.intuitiveapps.Kycee.Tests.GurujiTest" name="createExpensesTest" time="8.068"/>
  <testcase classname="org.intuitiveapps.Kycee.Tests.GurujiTest" name="createExpensesTest" time="6.776"/>
  <testcase classname="org.intuitiveapps.Kycee.Tests.GurujiTest" name="createExpensesTest" time="7.253"/>
  <testcase classname="org.intuitiveapps.Kycee.Tests.GurujiTest" name="createExpensesTest" time="7.081"/>
  <testcase classname="org.intuitiveapps.Kycee.Tests.GurujiTest" name="createExpensesTest" time="7.386"/>
  <testcase classname="org.intuitiveapps.Kycee.Tests.GurujiTest" name="createExpensesTest" time="7.04"/>
  <testcase classname="org.intuitiveapps.Kycee.Tests.GurujiTest" name="createExpensesTest" time="7.398"/>
  <testcase classname="org.intuitiveapps.Kycee.Tests.GurujiTest" name="createExpensesTest" time="7.962"/>
  <testcase classname="org.intuitiveapps.Kycee.Tests.GurujiTest" name="createExpensesTest" time="7.255"/>
  <testcase classname="org.intuitiveapps.Kycee.Tests.GurujiTest" name="createExpensesTest" time="7.841"/>
  <testcase classname="org.intuitiveapps.Kycee.Tests.GurujiTest" name="createExpensesTest" time="7.483"/>
  <testcase classname="org.intuitiveapps.Kycee.Tests.GurujiTest" name="createExpensesTest" time="7.386"/>
  <testcase classname="org.intuitiveapps.Kycee.Tests.GurujiTest" name="createExpensesTest" time="7.058"/>
  <testcase classname="org.intuitiveapps.Kycee.Tests.GurujiTest" name="createExpensesTest" time="7.343"/>
  <testcase classname="org.intuitiveapps.Kycee.Tests.GurujiTest" name="createExpensesTest" time="6.843"/>
  <testcase classname="org.intuitiveapps.Kycee.Tests.GurujiTest" name="createExpensesTest" time="7.564"/>
  <testcase classname="org.intuitiveapps.Kycee.Tests.GurujiTest" name="createExpensesTest" time="8.879"/>
  <testcase classname="org.intuitiveapps.Kycee.Tests.GurujiTest" name="createExpensesTest" time="8.662"/>
  <testcase classname="org.intuitiveapps.Kycee.Tests.GurujiTest" name="createExpensesTest" time="8.149"/>
  <testcase classname="org.intuitiveapps.Kycee.Tests.GurujiTest" name="createExpensesTest" time="9.105"/>
  <testcase classname="org.intuitiveapps.Kycee.Tests.GurujiTest" name="createExpensesTest" time="7.981"/>
  <testcase classname="org.intuitiveapps.Kycee.Tests.GurujiTest" name="createExpensesTest" time="6.893"/>
  <testcase classname="org.intuitiveapps.Kycee.Tests.GurujiTest" name="createExpensesTest" time="6.878"/>
  <testcase classname="org.intuitiveapps.Kycee.Tests.GurujiTest" name="createExpensesTest" time="7.086"/>
  <testcase classname="org.intuitiveapps.Kycee.Tests.GurujiTest" name="createExpensesTest" time="7.249"/>
  <testcase classname="org.intuitiveapps.Kycee.Tests.GurujiTest" name="createExpensesTest" time="7.546"/>
  <testcase classname="org.intuitiveapps.Kycee.Tests.GurujiTest" name="createExpensesTest" time="7.803"/>
  <testcase classname="org.intuitiveapps.Kycee.Tests.GurujiTest" name="createExpensesTest" time="8.439"/>
  <testcase classname="org.intuitiveapps.Kycee.Tests.GurujiTest" name="createExpensesTest" time="7.401"/>
  <testcase classname="org.intuitiveapps.Kycee.Tests.GurujiTest" name="createExpensesTest" time="6.361"/>
  <testcase classname="org.intuitiveapps.Kycee.Tests.GurujiTest" name="createExpensesTest" time="7.504"/>
  <testcase classname="org.intuitiveapps.Kycee.Tests.GurujiTest" name="createExpensesTest" time="7.11"/>
  <testcase classname="org.intuitiveapps.Kycee.Tests.GurujiTest" name="createExpensesTest" time="7.149"/>
  <testcase classname="org.intuitiveapps.Kycee.Tests.GurujiTest" name="createExpensesTest" time="7.495"/>
  <testcase classname="org.intuitiveapps.Kycee.Tests.GurujiTest" name="createExpensesTest" time="6.528"/>
  <testcase classname="org.intuitiveapps.Kycee.Tests.GurujiTest" name="createExpensesTest" time="6.514"/>
  <testcase classname="org.intuitiveapps.Kycee.Tests.GurujiTest" name="createExpensesTest" time="7.589"/>
  <testcase classname="org.intuitiveapps.Kycee.Tests.GurujiTest" name="createExpensesTest" time="6.594"/>
  <testcase classname="org.intuitiveapps.Kycee.Tests.GurujiTest" name="createExpensesTest" time="7.504"/>
  <testcase classname="org.intuitiveapps.Kycee.Tests.GurujiTest" name="createExpensesTest" time="7.435"/>
  <testcase classname="org.intuitiveapps.Kycee.Tests.GurujiTest" name="createExpensesTest" time="7.474"/>
  <testcase classname="org.intuitiveapps.Kycee.Tests.GurujiTest" name="createExpensesTest" time="6.876"/>
  <testcase classname="org.intuitiveapps.Kycee.Tests.GurujiTest" name="createExpensesTest" time="7.176"/>
  <testcase classname="org.intuitiveapps.Kycee.Tests.GurujiTest" name="createExpensesTest" time="7.507"/>
  <testcase classname="org.intuitiveapps.Kycee.Tests.GurujiTest" name="createExpensesTest" time="7.5"/>
  <testcase classname="org.intuitiveapps.Kycee.Tests.GurujiTest" name="createExpensesTest" time="7.679"/>
  <testcase classname="org.intuitiveapps.Kycee.Tests.GurujiTest" name="createExpensesTest" time="7.563"/>
  <testcase classname="org.intuitiveapps.Kycee.Tests.GurujiTest" name="createExpensesTest" time="7.153"/>
  <testcase classname="org.intuitiveapps.Kycee.Tests.GurujiTest" name="createExpensesTest" time="7.727"/>
  <testcase classname="org.intuitiveapps.Kycee.Tests.GurujiTest" name="createExpensesTest" time="6.907"/>
  <testcase classname="org.intuitiveapps.Kycee.Tests.GurujiTest" name="createExpensesTest" time="6.652"/>
  <testcase classname="org.intuitiveapps.Kycee.Tests.GurujiTest" name="createExpensesTest" time="6.33"/>
  <testcase classname="org.intuitiveapps.Kycee.Tests.GurujiTest" name="createExpensesTest" time="6.573"/>
  <testcase classname="org.intuitiveapps.Kycee.Tests.GurujiTest" name="createExpensesTest" time="6.366"/>
  <testcase classname="org.intuitiveapps.Kycee.Tests.GurujiTest" name="createExpensesTest" time="7.549"/>
  <testcase classname="org.intuitiveapps.Kycee.Tests.GurujiTest" name="createExpensesTest" time="6.657"/>
  <testcase classname="org.intuitiveapps.Kycee.Tests.GurujiTest" name="createExpensesTest" time="6.844"/>
  <testcase classname="org.intuitiveapps.Kycee.Tests.GurujiTest" name="createExpensesTest" time="6.455"/>
  <testcase classname="org.intuitiveapps.Kycee.Tests.GurujiTest" name="createExpensesTest" time="6.727"/>
</testsuite> <!-- Default test -->
