<?xml version="1.0" encoding="UTF-8"?>
<!-- Generated by org.testng.reporters.JUnitXMLReporter -->
<testsuite ignored="0" hostname="Pradeepkulal-PC" failures="0" tests="13" name="Login Test" time="572.721" errors="0" timestamp="2024-08-20T16:25:03 IST">
  <testcase classname="org.intuitiveapps.Kycee.Tests.LoginTest" name="loginWithSuperAdmin" time="88.735"/>
  <testcase classname="org.intuitiveapps.Kycee.Tests.LoginTest" name="loginWithCustomer" time="83.319"/>
  <testcase classname="org.intuitiveapps.Kycee.Tests.LoginTest" name="loginWithBusinessAdmin" time="81.24"/>
  <testcase classname="org.intuitiveapps.Kycee.Tests.LoginTest" name="loginWithBusinessUser" time="92.771"/>
  <testcase classname="org.intuitiveapps.Kycee.Tests.LoginTest" name="loginWithBlogger" time="79.374"/>
  <testcase classname="org.intuitiveapps.Kycee.Tests.LoginTest" name="loginWithInvalidEmail" time="8.473"/>
  <testcase classname="org.intuitiveapps.Kycee.Tests.LoginTest" name="loginWithInvalidPassword" time="8.405"/>
  <testcase classname="org.intuitiveapps.Kycee.Tests.LoginTest" name="loginWithInvalidEmailFormat" time="6.358"/>
  <testcase classname="org.intuitiveapps.Kycee.Tests.LoginTest" name="loginWithEmptyEmail" time="7.465"/>
  <testcase classname="org.intuitiveapps.Kycee.Tests.LoginTest" name="loginWithEmptyPassword" time="6.888"/>
  <testcase classname="org.intuitiveapps.Kycee.Tests.LoginTest" name="loginWithInActiveUser" time="8.83"/>
  <testcase classname="org.intuitiveapps.Kycee.Tests.LoginTest" name="loginWithInTerminatedUser" time="9.593"/>
  <testcase classname="org.intuitiveapps.Kycee.Tests.LoginTest" name="navigationToForgotPasswordPage" time="9.509"/>
</testsuite> <!-- Login Test -->
