<?xml version="1.0" encoding="UTF-8"?>
<!-- Generated by org.testng.reporters.JUnitXMLReporter -->
<testsuite ignored="1" hostname="Pradeepkulal-PC" failures="1" tests="4" name="Sign Up Test" time="117.312" errors="0" timestamp="2024-08-20T16:17:28 IST">
  <testcase classname="org.intuitiveapps.Kycee.Tests.SignUpPageTest" name="validateErrorMessageInSignUpPage" time="49.926"/>
  <testcase classname="org.intuitiveapps.Kycee.Tests.SignUpPageTest" name="SignUpAsCustumerWithValidData" time="15.311"/>
  <testcase classname="org.intuitiveapps.Kycee.Tests.SignUpPageTest" name="SignUpAsBusiessAdminWithValidData" time="17.675"/>
  <testcase classname="org.intuitiveapps.Kycee.Tests.SignUpPageTest" name="SignUpAsBusiessAdminWithoutCIN" time="8.382">
    <failure type="java.lang.AssertionError" message="expected [New account created.] but found [[[ChromeDriver: chrome on windows (e9e8fd787df54ab9424e19cbb1a5e66a)] -&amp;gt; xpath: //div[contains(@class,&amp;apos;Toastify__toast &amp;apos;)]]]">
      <![CDATA[java.lang.AssertionError: expected [New account created.] but found [[[ChromeDriver: chrome on windows (e9e8fd787df54ab9424e19cbb1a5e66a)] -> xpath: //div[contains(@class,'Toastify__toast ')]]]
at org.intuitiveapps.Kycee.Tests.SignUpPageTest.SignUpAsBusiessAdminWithoutCIN(SignUpPageTest.java:78)
at java.base/java.util.ArrayList.forEach(ArrayList.java:1511)
at java.base/java.util.concurrent.FutureTask.run(FutureTask.java:264)
at java.base/java.util.concurrent.ThreadPoolExecutor.runWorker(ThreadPoolExecutor.java:1136)
at java.base/java.util.concurrent.ThreadPoolExecutor$Worker.run(ThreadPoolExecutor.java:635)
at java.base/java.lang.Thread.run(Thread.java:842)
... Removed 22 stack frames]]>
    </failure>
  </testcase> <!-- SignUpAsBusiessAdminWithoutCIN -->
  <testcase classname="org.intuitiveapps.Kycee.Tests.SignUpPageTest" name="SignUpAsBusiessAdminWithoutGSTIN" time="0.0">
    <ignored/>
  </testcase> <!-- SignUpAsBusiessAdminWithoutGSTIN -->
</testsuite> <!-- Sign Up Test -->
