<?xml version="1.0" encoding="UTF-8"?>
<!-- Generated by org.testng.reporters.JUnitXMLReporter -->
<testsuite ignored="0" hostname="Pradeepkulal-PC" failures="2" tests="11" name="Test" time="712.723" errors="0" timestamp="2024-08-05T16:49:02 IST">
  <testcase classname="org.intuitiveapps.Kycee.Tests.ChangePasswordTest" name="changePasswordWithEmptyConfirmNewPasswordfield" time="61.87"/>
  <testcase classname="org.intuitiveapps.Kycee.Tests.ChangePasswordTest" name="changePasswordWithEmptyNewPasswordField" time="63.454"/>
  <testcase classname="org.intuitiveapps.Kycee.Tests.ChangePasswordTest" name="changePasswordWithEmptyOldPasswordfield" time="61.674">
    <failure type="java.lang.AssertionError" message="expected [Please enter the valid new password.] but found [Please enter the valid old password.]">
      <![CDATA[java.lang.AssertionError: expected [Please enter the valid new password.] but found [Please enter the valid old password.]
at org.intuitiveapps.Kycee.Tests.ChangePasswordTest.changePasswordWithEmptyOldPasswordfield(ChangePasswordTest.java:43)
at java.base/java.util.ArrayList.forEach(ArrayList.java:1511)
... Removed 33 stack frames]]>
    </failure>
  </testcase> <!-- changePasswordWithEmptyOldPasswordfield -->
  <testcase classname="org.intuitiveapps.Kycee.Tests.ChangePasswordTest" name="changePasswordWithMismatchedPasswordAndConfirmPassword" time="61.815"/>
  <testcase classname="org.intuitiveapps.Kycee.Tests.ChangePasswordTest" name="changingPasswordWithInvalidOldPassword" time="63.185"/>
  <testcase classname="org.intuitiveapps.Kycee.Tests.ChangePasswordTest" name="successfullyChangingPassword" time="63.711"/>
  <testcase classname="org.intuitiveapps.Kycee.Tests.ChangePasswordTest" name="ChangingPasswordWithinFiveMinutes" time="62.909"/>
  <testcase classname="org.intuitiveapps.Kycee.Tests.ChangePasswordTest" name="LoginWithOldPaswordTest" time="2.55"/>
  <testcase classname="org.intuitiveapps.Kycee.Tests.ChangePasswordTest" name="successfullyChangingPasswordAfterFifteenMinutes" time="163.176">
    <failure type="java.lang.AssertionError" message="expected [Password changed.] but found [Please wait 27 seconds before making another change password request.]">
      <![CDATA[java.lang.AssertionError: expected [Password changed.] but found [Please wait 27 seconds before making another change password request.]
at org.intuitiveapps.Kycee.Tests.ChangePasswordTest.successfullyChangingPasswordAfterFifteenMinutes(ChangePasswordTest.java:79)
at java.base/java.util.ArrayList.forEach(ArrayList.java:1511)
... Removed 33 stack frames]]>
    </failure>
  </testcase> <!-- successfullyChangingPasswordAfterFifteenMinutes -->
  <testcase classname="org.intuitiveapps.Kycee.Tests.ChangePasswordTest" name="changePasswordUsingLastThreePassword" time="0.0">
    <skipped/>
  </testcase> <!-- changePasswordUsingLastThreePassword -->
  <testcase classname="org.intuitiveapps.Kycee.Tests.ChangePasswordTest" name="changePasswordThreeTimesWithinTwentyFourHours" time="0.0">
    <skipped/>
  </testcase> <!-- changePasswordThreeTimesWithinTwentyFourHours -->
</testsuite> <!-- Test -->
